<?xml version="1.0" encoding="UTF-8"?>
<!-- Generated by org.testng.reporters.JUnitXMLReporter -->
<testsuite ignored="0" hostname="LIN51008759" failures="1" tests="3" name="Test" time="0.097" errors="0" timestamp="2023-05-19T13:24:27 IST">
  <testcase classname="TestngListners.MyTest" name="test1" time="0.012"/>
  <testcase classname="TestngListners.MyTest" name="test2" time="0.002">
    <failure type="java.lang.AssertionError" message="expected [B] but found [A]">
      <![CDATA[java.lang.AssertionError: expected [B] but found [A]
at TestngListners.MyTest.test2(MyTest.java:15)
at java.base/java.util.ArrayList.forEach(ArrayList.java:1511)
... Removed 33 stack frames]]>
    </failure>
  </testcase> <!-- test2 -->
  <testcase classname="TestngListners.MyTest" name="test3" time="0.0">
    <skipped/>
  </testcase> <!-- test3 -->
</testsuite> <!-- Test -->
