<?xml version="1.0" encoding="UTF-8"?>
<!-- Generated by org.testng.reporters.JUnitXMLReporter -->
<testsuite ignored="6" hostname="LIN51008759" failures="0" tests="3" name="my test" time="0.121" errors="0" timestamp="2023-05-18T15:51:46 IST">
  <testcase classname="Testngproj.Grouping" name="signupbyfacebook" time="0.016"/>
  <testcase classname="Testngproj.Grouping" name="signupbytwitter" time="0.002"/>
  <testcase classname="Testngproj.Grouping" name="paymentreturnbybank" time="0.004"/>
  <testcase classname="Testngproj.Grouping" name="signupbymail" time="0.0">
    <ignored/>
  </testcase> <!-- signupbymail -->
  <testcase classname="Testngproj.Grouping" name="loginbyfacebook" time="0.0">
    <ignored/>
  </testcase> <!-- loginbyfacebook -->
  <testcase classname="Testngproj.Grouping" name="paymentinrupee" time="0.0">
    <ignored/>
  </testcase> <!-- paymentinrupee -->
  <testcase classname="Testngproj.Grouping" name="loginbytwitter" time="0.0">
    <ignored/>
  </testcase> <!-- loginbytwitter -->
  <testcase classname="Testngproj.Grouping" name="loginbymail" time="0.0">
    <ignored/>
  </testcase> <!-- loginbymail -->
  <testcase classname="Testngproj.Grouping" name="paymentindoller" time="0.0">
    <ignored/>
  </testcase> <!-- paymentindoller -->
</testsuite> <!-- my test -->
